<?xml version="1.0" encoding="UTF-8"?>
<!-- Generated by org.testng.reporters.JUnitReportReporter -->
<testsuite skipped="0" hostname="DESKTOP-KJM0K5Q" name="test.global.TestFeatureProducts" tests="1" failures="0" timestamp="2023-01-30T23:04:17 ICT" time="9.737" errors="0">
  <testcase name="testFeatureProducts" time="9.737" classname="test.global.TestFeatureProducts"/>
  <system-out/>
</testsuite> <!-- test.global.TestFeatureProducts -->
