<?xml version="1.0" encoding="UTF-8"?>
<!-- Generated by org.testng.reporters.JUnitReportReporter -->
<testsuite skipped="0" hostname="DESKTOP-KJM0K5Q" name="test.global.TestFooter" tests="2" failures="0" timestamp="2023-01-30T23:04:17 ICT" time="27.604" errors="0">
  <testcase name="testProductCatFooterComp" time="17.621" classname="test.global.TestFooter"/>
  <system-out/>
  <testcase name="testFooter" time="9.983" classname="test.global.TestFooter"/>
  <system-out/>
</testsuite> <!-- test.global.TestFooter -->
